<?xml version="1.0" encoding="UTF-8"?>
<!-- Generated by org.testng.reporters.JUnitReportReporter -->
<testsuite hostname="Guna" failures="0" tests="2" name="testRunner.Runner" time="21.744" errors="0" timestamp="2024-03-15T13:59:51 IST" skipped="0">
  <testcase classname="testRunner.Runner" name="runScenario" time="11.377"/>
  <system-out/>
  <testcase classname="testRunner.Runner" name="runScenario" time="10.367"/>
  <system-out/>
</testsuite> <!-- testRunner.Runner -->
